W: This Makefile was generated by Coq 8.20.1
W: while the current Coq version is 9.0.0
COQC src/gnl.v
/bin/sh: ligne 1: time: commande introuvable
make[3]: *** [CoqMakefile:818: src/gnl.vo] Error 127
make[2]: *** [CoqMakefile:417: all] Error 2
W: This Makefile was generated by Coq 8.20.1
W: while the current Coq version is 9.0.0
make[3]: Rien à faire pour « real-all ».
W: This Makefile was generated by Coq 8.20.1
W: while the current Coq version is 9.0.0
COQC src/gnl.v
src/gnl.vo (real: 4.11, user: 4.00, sys: 0.06, mem: 455944 ko)
COQC src/theories.v
src/theories.vo (real: 2.75, user: 2.68, sys: 0.06, mem: 441032 ko)
COQC src/gnl_decomp.v
File "./src/gnl_decomp.v", line 2, characters 0-34:
Error:
Compiled library gnl_alg.clean (in file /home/monstrencage/Forge/multi-kleene-algebra/src/clean.vo) makes inconsistent assumptions over library gnl_alg.gnl

Command exited with non-zero status 1
src/gnl_decomp.vo (real: 0.20, user: 0.16, sys: 0.04, mem: 275284 ko)
make[3]: *** [CoqMakefile:818: src/gnl_decomp.vo] Error 1
make[3]: *** [src/gnl_decomp.vo] Suppression du fichier « src/gnl_decomp.glob »
make[2]: *** [CoqMakefile:417: all] Error 2
W: This Makefile was generated by Coq 8.20.1
W: while the current Coq version is 9.0.0
COQC src/gnl_decomp.v
W: This Makefile was generated by Coq 8.20.1
W: while the current Coq version is 9.0.0
COQC src/prelim.v
src/prelim.vo (real: 0.62, user: 0.53, sys: 0.08, mem: 420504 ko)
COQC src/ka.v
src/ka.vo (real: 3.70, user: 3.62, sys: 0.06, mem: 463296 ko)
COQC src/cka.v
ROCQ compile src/cka.v
src/cka.vo (real: 3.15, user: 3.05, sys: 0.09, mem: 481928 ko)
ROCQ compile src/depth.v
src/depth.vo (real: 3.15, user: 3.04, sys: 0.09, mem: 522396 ko)
ROCQ compile src/gnl.v
src/gnl.vo (real: 4.15, user: 4.08, sys: 0.05, mem: 455824 ko)
ROCQ compile src/theories.v
src/theories.vo (real: 2.72, user: 2.64, sys: 0.07, mem: 441060 ko)
ROCQ compile src/gnl_decomp.v
src/gnl_decomp.vo (real: 10.80, user: 10.64, sys: 0.13, mem: 662472 ko)
ROCQ compile src/gnl_recompose.v
src/gnl_recompose.vo (real: 25.99, user: 25.73, sys: 0.17, mem: 723016 ko)
ROCQ compile src/mka.v
src/mka.vo (real: 13.55, user: 13.38, sys: 0.14, mem: 577664 ko)
ROCQ compile src/mka_depth.v
src/mka_depth.vo (real: 0.79, user: 0.70, sys: 0.08, mem: 425404 ko)
make[3]: Rien à faire pour « real-all ».
make[3]: Rien à faire pour « real-all ».
make[3]: Rien à faire pour « real-all ».
make[3]: Rien à faire pour « real-all ».
make[3]: Rien à faire pour « real-all ».
make[3]: Rien à faire pour « real-all ».
make[3]: Rien à faire pour « real-all ».
make[3]: Rien à faire pour « real-all ».
make[3]: Rien à faire pour « real-all ».
make[3]: Rien à faire pour « real-all ».
make[3]: Rien à faire pour « real-all ».
